{"module": "crawler_actions", "function": "setup_interception", "result": "None"}
{"module": "crawler_actions", "function": "attempt_login", "result": "None"}
{"module": "crawler_actions", "function": "setup_interception", "result": "None"}
{"module": "crawler_actions", "function": "setup_interception", "result": "None"}
{"module": "crawler_actions", "function": "setup_interception", "result": "None"}
{"module": "crawler_actions", "function": "setup_interception", "result": "None"}
{"module": "utils", "function": "get_state_hash", "result": "8e81f824e80921126b0b6d5baea201b5b7686ee7721675f70e5c602325f53ad3"}
{"module": "model", "function": "add_node", "result": "None"}
{"module": "crawler_actions", "function": "process_page", "result": "None"}
{"module": "utils", "function": "get_state_hash", "result": "4a3d0b9523fd5158ca0efeca63e4ad31adbdbfa228a0fb5bd0f2a7ff38053226"}
{"module": "model", "function": "add_node", "result": "None"}
{"module": "model", "function": "add_edge", "result": "None"}
{"module": "crawler_actions", "function": "process_page", "result": "None"}
{"module": "crawler_actions", "function": "process_page", "result": "None"}
{"module": "utils", "function": "get_state_hash", "result": "4a3d0b9523fd5158ca0efeca63e4ad31adbdbfa228a0fb5bd0f2a7ff38053226"}
{"module": "model", "function": "add_node", "result": "None"}
{"module": "model", "function": "add_edge", "result": "None"}
{"module": "crawler_actions", "function": "process_page", "result": "None"}
{"module": "utils", "function": "get_state_hash", "result": "362057311356c4fdc5f981273900f2038e3fe9fb8f3c6a31ac28258aa7b2158d"}
{"module": "model", "function": "add_node", "result": "None"}
{"module": "model", "function": "add_edge", "result": "None"}
{"module": "utils", "function": "get_state_hash", "result": "8e81f824e80921126b0b6d5baea201b5b7686ee7721675f70e5c602325f53ad3"}
{"module": "crawler_actions", "function": "process_page", "result": "None"}
{"module": "model", "function": "add_node", "result": "None"}
{"module": "model", "function": "add_edge", "result": "None"}
{"module": "crawler_actions", "function": "process_page", "result": "None"}
{"module": "utils", "function": "get_state_hash", "result": "8974e2c26bda1a243f239c95eb30687156a671632559f1eaccd8504b827ca217"}
{"module": "model", "function": "add_node", "result": "None"}
{"module": "model", "function": "add_edge", "result": "None"}
{"module": "crawler_actions", "function": "process_page", "result": "None"}
{"module": "utils", "function": "get_state_hash", "result": "63d7c89a549d78ed457d500ffbc10f17b81ac089ff3085d10d8d01cabe33aed8"}
{"module": "model", "function": "add_node", "result": "None"}
{"module": "model", "function": "add_edge", "result": "None"}
{"module": "crawler_actions", "function": "process_page", "result": "None"}
{"module": "utils", "function": "get_state_hash", "result": "d868b2923a50188c66efab9c4620007d219fe5126f8c035893c77f176f382768"}
{"module": "utils", "function": "get_state_hash", "result": "e722efe379dcecb85d9aafd7f29361f55b955279c67a7c545e1e30d28c469b02"}
{"module": "model", "function": "add_node", "result": "None"}
{"module": "model", "function": "add_edge", "result": "None"}
{"module": "model", "function": "add_node", "result": "None"}
{"module": "model", "function": "add_edge", "result": "None"}
{"module": "crawler_actions", "function": "process_page", "result": "None"}
{"module": "crawler_actions", "function": "process_page", "result": "None"}
{"module": "utils", "function": "get_state_hash", "result": "6469aa08406495149d2bdb2a87d3d969d2fec29c3655a143f08acad9e4cb89d4"}
{"module": "model", "function": "add_node", "result": "None"}
{"module": "model", "function": "add_edge", "result": "None"}
{"module": "utils", "function": "get_state_hash", "result": "4a3d0b9523fd5158ca0efeca63e4ad31adbdbfa228a0fb5bd0f2a7ff38053226"}
{"module": "crawler_actions", "function": "process_page", "result": "None"}
{"module": "model", "function": "add_node", "result": "None"}
{"module": "model", "function": "add_edge", "result": "None"}
{"module": "crawler_actions", "function": "process_page", "result": "None"}
{"module": "utils", "function": "get_state_hash", "result": "657e2f894a9dcd903844c3e454549ab46a251d4018ee558d38b61c8aa8f912e6"}
{"module": "model", "function": "add_node", "result": "None"}
{"module": "model", "function": "add_edge", "result": "None"}
{"module": "utils", "function": "get_state_hash", "result": "9e76fe7136d745b5af84c3e4010cd59c115836d8a4f804c5b74a3fe2ffa81f4f"}
{"module": "crawler_actions", "function": "process_page", "result": "None"}
{"module": "utils", "function": "get_state_hash", "result": "0b39fe4d7fcc081fbac85dccd8e178d38fb27e04429ace445e9b896e83f19659"}
{"module": "model", "function": "add_node", "result": "None"}
{"module": "model", "function": "add_edge", "result": "None"}
{"module": "crawler_actions", "function": "process_page", "result": "None"}
{"module": "model", "function": "add_node", "result": "None"}
{"module": "model", "function": "add_edge", "result": "None"}
{"module": "crawler_actions", "function": "process_page", "result": "None"}
{"module": "utils", "function": "get_state_hash", "result": "c614a35e87930431a344bd7d4cfd70919272aeff91d49dea5f236fb97c5633a3"}
{"module": "model", "function": "add_node", "result": "None"}
{"module": "model", "function": "add_edge", "result": "None"}
{"module": "crawler_actions", "function": "process_page", "result": "None"}
{"module": "utils", "function": "get_state_hash", "result": "4a3d0b9523fd5158ca0efeca63e4ad31adbdbfa228a0fb5bd0f2a7ff38053226"}
{"module": "model", "function": "add_node", "result": "None"}
{"module": "model", "function": "add_edge", "result": "None"}
{"module": "crawler_actions", "function": "process_page", "result": "None"}
{"module": "utils", "function": "get_state_hash", "result": "4a3d0b9523fd5158ca0efeca63e4ad31adbdbfa228a0fb5bd0f2a7ff38053226"}
{"module": "model", "function": "add_node", "result": "None"}
{"module": "model", "function": "add_edge", "result": "None"}
{"module": "crawler_actions", "function": "process_page", "result": "None"}
{"module": "utils", "function": "get_state_hash", "result": "4a3d0b9523fd5158ca0efeca63e4ad31adbdbfa228a0fb5bd0f2a7ff38053226"}
{"module": "model", "function": "add_node", "result": "None"}
{"module": "model", "function": "add_edge", "result": "None"}
{"module": "crawler_actions", "function": "process_page", "result": "None"}
{"module": "utils", "function": "get_state_hash", "result": "4a3d0b9523fd5158ca0efeca63e4ad31adbdbfa228a0fb5bd0f2a7ff38053226"}
{"module": "model", "function": "add_node", "result": "None"}
{"module": "model", "function": "add_edge", "result": "None"}
{"module": "crawler_actions", "function": "process_page", "result": "None"}
{"module": "utils", "function": "get_state_hash", "result": "4a3d0b9523fd5158ca0efeca63e4ad31adbdbfa228a0fb5bd0f2a7ff38053226"}
{"module": "model", "function": "add_node", "result": "None"}
{"module": "model", "function": "add_edge", "result": "None"}
{"module": "crawler_actions", "function": "process_page", "result": "None"}
{"module": "utils", "function": "get_state_hash", "result": "4a3d0b9523fd5158ca0efeca63e4ad31adbdbfa228a0fb5bd0f2a7ff38053226"}
{"module": "utils", "function": "get_state_hash", "result": "4a3d0b9523fd5158ca0efeca63e4ad31adbdbfa228a0fb5bd0f2a7ff38053226"}
{"module": "model", "function": "add_node", "result": "None"}
{"module": "model", "function": "add_edge", "result": "None"}
{"module": "crawler_actions", "function": "process_page", "result": "None"}
{"module": "model", "function": "add_node", "result": "None"}
{"module": "model", "function": "add_edge", "result": "None"}
{"module": "crawler_actions", "function": "process_page", "result": "None"}
{"module": "utils", "function": "get_state_hash", "result": "4a3d0b9523fd5158ca0efeca63e4ad31adbdbfa228a0fb5bd0f2a7ff38053226"}
{"module": "utils", "function": "get_state_hash", "result": "4a3d0b9523fd5158ca0efeca63e4ad31adbdbfa228a0fb5bd0f2a7ff38053226"}
{"module": "model", "function": "add_node", "result": "None"}
{"module": "model", "function": "add_edge", "result": "None"}
{"module": "crawler_actions", "function": "process_page", "result": "None"}
{"module": "model", "function": "add_node", "result": "None"}
{"module": "model", "function": "add_edge", "result": "None"}
{"module": "crawler_actions", "function": "process_page", "result": "None"}
{"module": "utils", "function": "get_state_hash", "result": "4a3d0b9523fd5158ca0efeca63e4ad31adbdbfa228a0fb5bd0f2a7ff38053226"}
{"module": "utils", "function": "get_state_hash", "result": "4a3d0b9523fd5158ca0efeca63e4ad31adbdbfa228a0fb5bd0f2a7ff38053226"}
{"module": "model", "function": "add_node", "result": "None"}
{"module": "model", "function": "add_edge", "result": "None"}
{"module": "crawler_actions", "function": "process_page", "result": "None"}
{"module": "model", "function": "add_node", "result": "None"}
{"module": "model", "function": "add_edge", "result": "None"}
{"module": "crawler_actions", "function": "process_page", "result": "None"}
{"module": "utils", "function": "get_state_hash", "result": "4a3d0b9523fd5158ca0efeca63e4ad31adbdbfa228a0fb5bd0f2a7ff38053226"}
{"module": "utils", "function": "get_state_hash", "result": "4a3d0b9523fd5158ca0efeca63e4ad31adbdbfa228a0fb5bd0f2a7ff38053226"}
{"module": "model", "function": "add_node", "result": "None"}
{"module": "model", "function": "add_edge", "result": "None"}
{"module": "crawler_actions", "function": "process_page", "result": "None"}
{"module": "model", "function": "add_node", "result": "None"}
{"module": "model", "function": "add_edge", "result": "None"}
{"module": "crawler_actions", "function": "process_page", "result": "None"}
{"module": "utils", "function": "get_state_hash", "result": "4a3d0b9523fd5158ca0efeca63e4ad31adbdbfa228a0fb5bd0f2a7ff38053226"}
{"module": "model", "function": "add_node", "result": "None"}
{"module": "model", "function": "add_edge", "result": "None"}
{"module": "crawler_actions", "function": "process_page", "result": "None"}
{"module": "utils", "function": "get_state_hash", "result": "4a3d0b9523fd5158ca0efeca63e4ad31adbdbfa228a0fb5bd0f2a7ff38053226"}
{"module": "model", "function": "add_node", "result": "None"}
{"module": "model", "function": "add_edge", "result": "None"}
{"module": "crawler_actions", "function": "process_page", "result": "None"}
{"module": "utils", "function": "get_state_hash", "result": "4a3d0b9523fd5158ca0efeca63e4ad31adbdbfa228a0fb5bd0f2a7ff38053226"}
{"module": "utils", "function": "get_state_hash", "result": "4a3d0b9523fd5158ca0efeca63e4ad31adbdbfa228a0fb5bd0f2a7ff38053226"}
{"module": "model", "function": "add_node", "result": "None"}
{"module": "model", "function": "add_edge", "result": "None"}
{"module": "crawler_actions", "function": "process_page", "result": "None"}
{"module": "model", "function": "add_node", "result": "None"}
{"module": "model", "function": "add_edge", "result": "None"}
{"module": "crawler_actions", "function": "process_page", "result": "None"}
{"module": "utils", "function": "get_state_hash", "result": "4a3d0b9523fd5158ca0efeca63e4ad31adbdbfa228a0fb5bd0f2a7ff38053226"}
{"module": "utils", "function": "get_state_hash", "result": "4a3d0b9523fd5158ca0efeca63e4ad31adbdbfa228a0fb5bd0f2a7ff38053226"}
{"module": "model", "function": "add_node", "result": "None"}
{"module": "model", "function": "add_edge", "result": "None"}
{"module": "crawler_actions", "function": "process_page", "result": "None"}
{"module": "model", "function": "add_node", "result": "None"}
{"module": "model", "function": "add_edge", "result": "None"}
{"module": "crawler_actions", "function": "process_page", "result": "None"}
{"module": "utils", "function": "get_state_hash", "result": "4a3d0b9523fd5158ca0efeca63e4ad31adbdbfa228a0fb5bd0f2a7ff38053226"}
{"module": "utils", "function": "get_state_hash", "result": "4a3d0b9523fd5158ca0efeca63e4ad31adbdbfa228a0fb5bd0f2a7ff38053226"}
{"module": "model", "function": "add_node", "result": "None"}
{"module": "model", "function": "add_edge", "result": "None"}
{"module": "crawler_actions", "function": "process_page", "result": "None"}
{"module": "model", "function": "add_node", "result": "None"}
{"module": "model", "function": "add_edge", "result": "None"}
{"module": "crawler_actions", "function": "process_page", "result": "None"}
{"module": "utils", "function": "get_state_hash", "result": "4a3d0b9523fd5158ca0efeca63e4ad31adbdbfa228a0fb5bd0f2a7ff38053226"}
{"module": "utils", "function": "get_state_hash", "result": "4a3d0b9523fd5158ca0efeca63e4ad31adbdbfa228a0fb5bd0f2a7ff38053226"}
{"module": "model", "function": "add_node", "result": "None"}
{"module": "model", "function": "add_edge", "result": "None"}
{"module": "crawler_actions", "function": "process_page", "result": "None"}
{"module": "model", "function": "add_node", "result": "None"}
{"module": "model", "function": "add_edge", "result": "None"}
{"module": "crawler_actions", "function": "process_page", "result": "None"}
{"module": "utils", "function": "get_state_hash", "result": "4a3d0b9523fd5158ca0efeca63e4ad31adbdbfa228a0fb5bd0f2a7ff38053226"}
{"module": "utils", "function": "get_state_hash", "result": "4a3d0b9523fd5158ca0efeca63e4ad31adbdbfa228a0fb5bd0f2a7ff38053226"}
{"module": "model", "function": "add_node", "result": "None"}
{"module": "model", "function": "add_edge", "result": "None"}
{"module": "crawler_actions", "function": "process_page", "result": "None"}
{"module": "model", "function": "add_node", "result": "None"}
{"module": "model", "function": "add_edge", "result": "None"}
{"module": "crawler_actions", "function": "process_page", "result": "None"}
{"module": "model", "function": "_get_node_by_id", "result": "[Complex Object: dict, length=3]"}
{"module": "model", "function": "_get_node_by_id", "result": "[Complex Object: dict, length=3]"}
{"module": "model", "function": "_get_node_by_id", "result": "[Complex Object: dict, length=3]"}
{"module": "model", "function": "_get_node_by_id", "result": "[Complex Object: dict, length=3]"}
{"module": "model", "function": "_get_node_by_id", "result": "[Complex Object: dict, length=3]"}
{"module": "model", "function": "_get_node_by_id", "result": "[Complex Object: dict, length=3]"}
{"module": "model", "function": "_get_node_by_id", "result": "[Complex Object: dict, length=3]"}
{"module": "model", "function": "_get_node_by_id", "result": "[Complex Object: dict, length=3]"}
{"module": "model", "function": "_get_node_by_id", "result": "[Complex Object: dict, length=3]"}
{"module": "model", "function": "_get_node_by_id", "result": "[Complex Object: dict, length=3]"}
{"module": "model", "function": "_get_node_by_id", "result": "[Complex Object: dict, length=3]"}
{"module": "model", "function": "_get_node_by_id", "result": "[Complex Object: dict, length=3]"}
{"module": "model", "function": "_get_node_by_id", "result": "[Complex Object: dict, length=3]"}
{"module": "model", "function": "_get_node_by_id", "result": "[Complex Object: dict, length=3]"}
{"module": "model", "function": "_get_node_by_id", "result": "[Complex Object: dict, length=3]"}
{"module": "model", "function": "_get_node_by_id", "result": "[Complex Object: dict, length=3]"}
{"module": "model", "function": "_get_node_by_id", "result": "[Complex Object: dict, length=3]"}
{"module": "model", "function": "_get_node_by_id", "result": "[Complex Object: dict, length=3]"}
{"module": "model", "function": "_get_node_by_id", "result": "[Complex Object: dict, length=3]"}
{"module": "model", "function": "_get_node_by_id", "result": "[Complex Object: dict, length=3]"}
{"module": "model", "function": "extract_flows", "result": "None"}
{"module": "crawler_actions", "function": "setup_interception", "result": "None"}
{"module": "crawler_actions", "function": "attempt_login", "result": "None"}
{"module": "crawler_actions", "function": "setup_interception", "result": "None"}
{"module": "crawler_actions", "function": "setup_interception", "result": "None"}
{"module": "crawler_actions", "function": "setup_interception", "result": "None"}
{"module": "crawler_actions", "function": "setup_interception", "result": "None"}
{"module": "utils", "function": "get_state_hash", "result": "3fdbdf5c7cce48c225a9ff6c1c634a966a11669cc6e70b907b7a2eea882a48b7"}
{"module": "model", "function": "add_node", "result": "None"}
{"module": "crawler_actions", "function": "process_page", "result": "None"}
{"module": "utils", "function": "get_state_hash", "result": "3fdbdf5c7cce48c225a9ff6c1c634a966a11669cc6e70b907b7a2eea882a48b7"}
{"module": "model", "function": "add_node", "result": "None"}
{"module": "model", "function": "add_edge", "result": "None"}
{"module": "crawler_actions", "function": "process_page", "result": "None"}
{"module": "utils", "function": "get_state_hash", "result": "826bf2babe9c06884afa5da0f42c256d80c465081821f80f928e0b8b57c0639e"}
{"module": "utils", "function": "get_state_hash", "result": "d1b29521ebf4aef4b796976edd431d23aac4990911d2607c91b1906a413cdc51"}
{"module": "utils", "function": "get_state_hash", "result": "61eced53d82257555958f12fb073e8a2f29d9a6b5050cc601ce1936d6c700343"}
{"module": "model", "function": "add_node", "result": "None"}
{"module": "model", "function": "add_edge", "result": "None"}
{"module": "model", "function": "add_node", "result": "None"}
{"module": "model", "function": "add_edge", "result": "None"}
{"module": "model", "function": "add_node", "result": "None"}
{"module": "model", "function": "add_edge", "result": "None"}
{"module": "crawler_actions", "function": "process_page", "result": "None"}
{"module": "crawler_actions", "function": "process_page", "result": "None"}
{"module": "crawler_actions", "function": "process_page", "result": "None"}
{"module": "utils", "function": "get_state_hash", "result": "7defd03ec039bf105c07497733badaeb80e528a5f1a02e6f7283ae3883eb5665"}
{"module": "model", "function": "add_node", "result": "None"}
{"module": "model", "function": "add_edge", "result": "None"}
{"module": "utils", "function": "get_state_hash", "result": "c5989bf5abdfb86014a806c5b3b0cbcbe8d7203f5143ac469ce4cf2f11383ab9"}
{"module": "utils", "function": "get_state_hash", "result": "5ce404f7fa4c64b9ff20e0e6d658ed6521ebe496019066d18a96c65f34a17c8d"}
{"module": "crawler_actions", "function": "process_page", "result": "None"}
{"module": "utils", "function": "get_state_hash", "result": "3b3e05af7343fa62d252abdb72f6040f8c1f8446f14272cb89f64d204ef8f919"}
{"module": "model", "function": "add_node", "result": "None"}
{"module": "model", "function": "add_edge", "result": "None"}
{"module": "model", "function": "add_node", "result": "None"}
{"module": "model", "function": "add_edge", "result": "None"}
{"module": "model", "function": "add_node", "result": "None"}
{"module": "model", "function": "add_edge", "result": "None"}
{"module": "crawler_actions", "function": "process_page", "result": "None"}
{"module": "crawler_actions", "function": "process_page", "result": "None"}
{"module": "crawler_actions", "function": "process_page", "result": "None"}
{"module": "utils", "function": "get_state_hash", "result": "0700e3d72707a9d935d6bdcc495147b05862345f78b095d9b1d81e06395419e8"}
{"module": "model", "function": "add_node", "result": "None"}
{"module": "model", "function": "add_edge", "result": "None"}
{"module": "utils", "function": "get_state_hash", "result": "ad6910e189af4f11f3e68c259218311232ca4f9cbb90ff78fe347d364022b2fc"}
{"module": "utils", "function": "get_state_hash", "result": "cccde7a23e391198e767974f6eefc5c6d6709e36cca56dad945372fd7d9aad89"}
{"module": "utils", "function": "get_state_hash", "result": "fba5d9325c55c8f2ccd6320b3b961965dc75406ebbcbbbb9a20ca749930b9b7b"}
{"module": "crawler_actions", "function": "process_page", "result": "None"}
{"module": "model", "function": "add_node", "result": "None"}
{"module": "model", "function": "add_edge", "result": "None"}
{"module": "crawler_actions", "function": "process_page", "result": "None"}
{"module": "model", "function": "add_node", "result": "None"}
{"module": "model", "function": "add_edge", "result": "None"}
{"module": "model", "function": "add_node", "result": "None"}
{"module": "model", "function": "add_edge", "result": "None"}
{"module": "crawler_actions", "function": "process_page", "result": "None"}
{"module": "crawler_actions", "function": "process_page", "result": "None"}
{"module": "utils", "function": "get_state_hash", "result": "ec998a209045a8ad41aca60e3dd75ccfad4a6a8ba59089d692d9f2034d2efbf3"}
{"module": "model", "function": "add_node", "result": "None"}
{"module": "model", "function": "add_edge", "result": "None"}
{"module": "crawler_actions", "function": "process_page", "result": "None"}
{"module": "utils", "function": "get_state_hash", "result": "26813d41a97a2498edc123c178d679edabb9ecc83305e74119674676dac74ade"}
{"module": "utils", "function": "get_state_hash", "result": "3c399fc3515122d5c8ff33756bbb9e6109d56e0337ee554e3364d220042e1b44"}
{"module": "model", "function": "add_node", "result": "None"}
{"module": "model", "function": "add_edge", "result": "None"}
{"module": "crawler_actions", "function": "process_page", "result": "None"}
{"module": "model", "function": "add_node", "result": "None"}
{"module": "model", "function": "add_edge", "result": "None"}
{"module": "crawler_actions", "function": "process_page", "result": "None"}
{"module": "utils", "function": "get_state_hash", "result": "ec998a209045a8ad41aca60e3dd75ccfad4a6a8ba59089d692d9f2034d2efbf3"}
{"module": "model", "function": "add_node", "result": "None"}
{"module": "model", "function": "add_edge", "result": "None"}
{"module": "crawler_actions", "function": "process_page", "result": "None"}
{"module": "utils", "function": "get_state_hash", "result": "c0cc90a180939ac8f782255e710d5ac89bb31e5a31cf5d28d156e89d0562d3eb"}
{"module": "model", "function": "add_node", "result": "None"}
{"module": "model", "function": "add_edge", "result": "None"}
{"module": "crawler_actions", "function": "process_page", "result": "None"}
{"module": "model", "function": "_get_node_by_id", "result": "[Complex Object: dict, length=3]"}
{"module": "model", "function": "_get_node_by_id", "result": "[Complex Object: dict, length=3]"}
{"module": "model", "function": "_get_node_by_id", "result": "[Complex Object: dict, length=3]"}
{"module": "model", "function": "_get_node_by_id", "result": "[Complex Object: dict, length=3]"}
{"module": "model", "function": "_get_node_by_id", "result": "[Complex Object: dict, length=3]"}
{"module": "model", "function": "_get_node_by_id", "result": "[Complex Object: dict, length=3]"}
{"module": "model", "function": "_get_node_by_id", "result": "[Complex Object: dict, length=3]"}
{"module": "model", "function": "_get_node_by_id", "result": "[Complex Object: dict, length=3]"}
{"module": "model", "function": "_get_node_by_id", "result": "[Complex Object: dict, length=3]"}
{"module": "model", "function": "_get_node_by_id", "result": "[Complex Object: dict, length=3]"}
{"module": "model", "function": "_get_node_by_id", "result": "[Complex Object: dict, length=3]"}
{"module": "model", "function": "_get_node_by_id", "result": "[Complex Object: dict, length=3]"}
{"module": "model", "function": "_get_node_by_id", "result": "[Complex Object: dict, length=3]"}
{"module": "model", "function": "_get_node_by_id", "result": "[Complex Object: dict, length=3]"}
{"module": "model", "function": "_get_node_by_id", "result": "[Complex Object: dict, length=3]"}
{"module": "model", "function": "_get_node_by_id", "result": "[Complex Object: dict, length=3]"}
{"module": "model", "function": "_get_node_by_id", "result": "[Complex Object: dict, length=3]"}
{"module": "model", "function": "extract_flows", "result": "None"}
{"module": "crawler_actions", "function": "setup_interception", "result": "None"}
{"module": "crawler_actions", "function": "attempt_login", "result": "None"}
{"module": "crawler_actions", "function": "setup_interception", "result": "None"}
{"module": "crawler_actions", "function": "setup_interception", "result": "None"}
{"module": "crawler_actions", "function": "setup_interception", "result": "None"}
{"module": "crawler_actions", "function": "setup_interception", "result": "None"}
{"module": "utils", "function": "get_state_hash", "result": "2e1cfa82b035c26cbbbdae632cea070514eb8b773f616aaeaf668e2f0be8f10d"}
{"module": "model", "function": "add_node", "result": "None"}
{"module": "crawler_actions", "function": "process_page", "result": "None"}
{"module": "model", "function": "_get_node_by_id", "result": "[Complex Object: dict, length=3]"}
{"module": "model", "function": "extract_flows", "result": "None"}
{"module": "crawler_actions", "function": "setup_interception", "result": "None"}
{"module": "crawler_actions", "function": "attempt_login", "result": "None"}
{"module": "crawler_actions", "function": "setup_interception", "result": "None"}
{"module": "crawler_actions", "function": "setup_interception", "result": "None"}
{"module": "crawler_actions", "function": "setup_interception", "result": "None"}
{"module": "crawler_actions", "function": "setup_interception", "result": "None"}
{"module": "utils", "function": "get_state_hash", "result": "043d181724466c1e0848cbf316a40c68efb354ed9836d9a4c4e2068e7c38972c"}
{"module": "model", "function": "add_node", "result": "None"}
{"module": "crawler_actions", "function": "process_page", "result": "None"}
{"module": "utils", "function": "get_state_hash", "result": "043d181724466c1e0848cbf316a40c68efb354ed9836d9a4c4e2068e7c38972c"}
{"module": "model", "function": "add_node", "result": "None"}
{"module": "model", "function": "add_edge", "result": "None"}
{"module": "crawler_actions", "function": "process_page", "result": "None"}
{"module": "utils", "function": "get_state_hash", "result": "043d181724466c1e0848cbf316a40c68efb354ed9836d9a4c4e2068e7c38972c"}
{"module": "model", "function": "add_node", "result": "None"}
{"module": "model", "function": "add_edge", "result": "None"}
{"module": "crawler_actions", "function": "process_page", "result": "None"}
{"module": "utils", "function": "get_state_hash", "result": "9cc3e3fbb5059ea1c8ea1da3ce34a9060cc7b50ab5b87f1c16bc2329d148f073"}
{"module": "utils", "function": "get_state_hash", "result": "e9016055984b1861e1bdd887c47ed76f906c83696d45eb5a7283989383a08205"}
{"module": "model", "function": "add_node", "result": "None"}
{"module": "model", "function": "add_edge", "result": "None"}
{"module": "model", "function": "add_node", "result": "None"}
{"module": "model", "function": "add_edge", "result": "None"}
{"module": "crawler_actions", "function": "process_page", "result": "None"}
{"module": "crawler_actions", "function": "process_page", "result": "None"}
{"module": "utils", "function": "get_state_hash", "result": "cc0559eeea3ea84feb8ccbb6f938b9a2da76b00307b33e5d36c95c9ef8415617"}
{"module": "model", "function": "add_node", "result": "None"}
{"module": "model", "function": "add_edge", "result": "None"}
{"module": "crawler_actions", "function": "process_page", "result": "None"}
{"module": "utils", "function": "get_state_hash", "result": "16b433e6c7a2346cdeb6aba2bd9ff6d61d392a661a506ddfc998f2542a4a15b9"}
{"module": "model", "function": "add_node", "result": "None"}
{"module": "model", "function": "add_edge", "result": "None"}
{"module": "crawler_actions", "function": "process_page", "result": "None"}
{"module": "utils", "function": "get_state_hash", "result": "c596c9abc3fbc7727dae35854fdf3128452f467a985c79e5ac1d77bc2a9b3489"}
{"module": "model", "function": "add_node", "result": "None"}
{"module": "model", "function": "add_edge", "result": "None"}
{"module": "crawler_actions", "function": "process_page", "result": "None"}
{"module": "utils", "function": "get_state_hash", "result": "f4953249156b180a1a9ca963e792234db97b941c865a9b4bd0984acaf14ad6f5"}
{"module": "model", "function": "add_node", "result": "None"}
{"module": "model", "function": "add_edge", "result": "None"}
{"module": "crawler_actions", "function": "process_page", "result": "None"}
{"module": "utils", "function": "get_state_hash", "result": "9419618e8e0d432a247023ced270c1ed82a388143eaa66a8004aeac6a614ff31"}
{"module": "model", "function": "add_node", "result": "None"}
{"module": "model", "function": "add_edge", "result": "None"}
{"module": "crawler_actions", "function": "process_page", "result": "None"}
{"module": "utils", "function": "get_state_hash", "result": "8a896c1bfa55eab517ae95331f1ed64549aab355d3bf421d38353496795f1d31"}
{"module": "model", "function": "add_node", "result": "None"}
{"module": "model", "function": "add_edge", "result": "None"}
{"module": "crawler_actions", "function": "process_page", "result": "None"}
{"module": "utils", "function": "get_state_hash", "result": "e7d531f142df1c2ccaf4faff1b1873e59573cede0722ef1d5520c014486611c6"}
{"module": "model", "function": "add_node", "result": "None"}
{"module": "model", "function": "add_edge", "result": "None"}
{"module": "crawler_actions", "function": "process_page", "result": "None"}
{"module": "utils", "function": "get_state_hash", "result": "68c9942b8a49ae1de5b7be3fffc4cfb984c6b5255eaab5cb74afc4d7844c245d"}
{"module": "model", "function": "add_node", "result": "None"}
{"module": "model", "function": "add_edge", "result": "None"}
{"module": "crawler_actions", "function": "process_page", "result": "None"}
{"module": "utils", "function": "get_state_hash", "result": "15ca2a7e4eb4735e893f4c7d3a66fc637e378ff4dd6d3941e81466a52655e798"}
{"module": "model", "function": "add_node", "result": "None"}
{"module": "model", "function": "add_edge", "result": "None"}
{"module": "crawler_actions", "function": "process_page", "result": "None"}
{"module": "utils", "function": "get_state_hash", "result": "d8334ed09486e48d733ec6b0d310ae67f31f167b3ab2526420b9dcb8b0d9fa80"}
{"module": "model", "function": "add_node", "result": "None"}
{"module": "model", "function": "add_edge", "result": "None"}
{"module": "crawler_actions", "function": "process_page", "result": "None"}
{"module": "utils", "function": "get_state_hash", "result": "6afe256442c5aba2d81cea62be6faa379b77c8fbcf9eca92dfd8a3afb466358f"}
{"module": "model", "function": "add_node", "result": "None"}
{"module": "model", "function": "add_edge", "result": "None"}
{"module": "crawler_actions", "function": "process_page", "result": "None"}
{"module": "utils", "function": "get_state_hash", "result": "0a7cd9979b82fa579126161e4b5464f357f36d3d2e9ab71149c743a670b9d200"}
{"module": "model", "function": "add_node", "result": "None"}
{"module": "model", "function": "add_edge", "result": "None"}
{"module": "crawler_actions", "function": "process_page", "result": "None"}
{"module": "utils", "function": "get_state_hash", "result": "73c68f4ab4c8ae2eb1c55366a7c246947b4dac6088d897ab5eb3e792ae678491"}
{"module": "model", "function": "add_node", "result": "None"}
{"module": "model", "function": "add_edge", "result": "None"}
{"module": "crawler_actions", "function": "process_page", "result": "None"}
{"module": "utils", "function": "get_state_hash", "result": "57511b5428813218e27d00f5a9b908ffea19cadbe8057a305d49629b74df41dc"}
{"module": "model", "function": "add_node", "result": "None"}
{"module": "model", "function": "add_edge", "result": "None"}
{"module": "crawler_actions", "function": "process_page", "result": "None"}
{"module": "utils", "function": "get_state_hash", "result": "781f700c6fe0f62249746731436b18731678ec7682dc525edf7ccf7c90a83b0b"}
{"module": "model", "function": "add_node", "result": "None"}
{"module": "model", "function": "add_edge", "result": "None"}
{"module": "crawler_actions", "function": "process_page", "result": "None"}
{"module": "model", "function": "_get_node_by_id", "result": "[Complex Object: dict, length=3]"}
{"module": "model", "function": "_get_node_by_id", "result": "[Complex Object: dict, length=3]"}
{"module": "model", "function": "_get_node_by_id", "result": "[Complex Object: dict, length=3]"}
{"module": "model", "function": "_get_node_by_id", "result": "[Complex Object: dict, length=3]"}
{"module": "model", "function": "_get_node_by_id", "result": "[Complex Object: dict, length=3]"}
{"module": "model", "function": "_get_node_by_id", "result": "[Complex Object: dict, length=3]"}
{"module": "model", "function": "_get_node_by_id", "result": "[Complex Object: dict, length=3]"}
{"module": "model", "function": "_get_node_by_id", "result": "[Complex Object: dict, length=3]"}
{"module": "model", "function": "_get_node_by_id", "result": "[Complex Object: dict, length=3]"}
{"module": "model", "function": "_get_node_by_id", "result": "[Complex Object: dict, length=3]"}
{"module": "model", "function": "_get_node_by_id", "result": "[Complex Object: dict, length=3]"}
{"module": "model", "function": "_get_node_by_id", "result": "[Complex Object: dict, length=3]"}
{"module": "model", "function": "_get_node_by_id", "result": "[Complex Object: dict, length=3]"}
{"module": "model", "function": "_get_node_by_id", "result": "[Complex Object: dict, length=3]"}
{"module": "model", "function": "_get_node_by_id", "result": "[Complex Object: dict, length=3]"}
{"module": "model", "function": "_get_node_by_id", "result": "[Complex Object: dict, length=3]"}
{"module": "model", "function": "_get_node_by_id", "result": "[Complex Object: dict, length=3]"}
{"module": "model", "function": "_get_node_by_id", "result": "[Complex Object: dict, length=3]"}
{"module": "model", "function": "extract_flows", "result": "None"}
{"module": "function_logger", "function": "async_wrapper", "message": Function add_node executed successfully.}
{"module": "function_logger", "function": "async_wrapper", "message": Function _get_node_by_id executed successfully.}
{"module": "function_logger", "function": "async_wrapper", "message": Function add_node executed successfully.}
{"module": "function_logger", "function": "async_wrapper", "message": Function _get_node_by_id executed successfully.}
{"module": "function_logger", "function": "async_wrapper", "message": Function add_node executed successfully.}
{"module": "function_logger", "function": "async_wrapper", "message": Function _get_node_by_id executed successfully.}
{"module": "function_logger", "function": "async_wrapper", "message": Function add_node executed successfully.}
{"module": "function_logger", "function": "async_wrapper", "message": Function _get_node_by_id executed successfully.}
{"module": "function_logger", "function": "async_wrapper", "message": Function add_node executed successfully.}
{"module": "function_logger", "function": "async_wrapper", "message": Function _get_node_by_id executed successfully.}
{"module": "function_logger", "function": "async_wrapper", "message": Function setup_interception executed successfully.}
{"module": "function_logger", "function": "async_wrapper", "message": Function attempt_login executed successfully.}
{"module": "function_logger", "function": "async_wrapper", "message": Function setup_interception executed successfully.}
{"module": "function_logger", "function": "async_wrapper", "message": Function process_page executed successfully.}
{"module": "function_logger", "function": "async_wrapper", "message": Function setup_interception executed successfully.}
{"module": "function_logger", "function": "async_wrapper", "message": Function attempt_login executed successfully.}
{"module": "function_logger", "function": "async_wrapper", "message": Function setup_interception executed successfully.}
{"module": "function_logger", "function": "async_wrapper", "message": Function setup_interception executed successfully.}
{"module": "function_logger", "function": "async_wrapper", "message": Function setup_interception executed successfully.}
{"module": "function_logger", "function": "async_wrapper", "message": Function setup_interception executed successfully.}
{"module": "function_logger", "function": "async_wrapper", "message": Function perform_human_action executed successfully.}
{"module": "function_logger", "function": "async_wrapper", "message": Function get_state_hash executed successfully.}
{"module": "function_logger", "function": "async_wrapper", "message": Function add_node executed successfully.}
{"module": "function_logger", "function": "async_wrapper", "message": Function process_page executed successfully.}
{"module": "function_logger", "function": "async_wrapper", "message": Function process_page executed successfully.}
{"module": "function_logger", "function": "async_wrapper", "message": Function process_page executed successfully.}
{"module": "function_logger", "function": "async_wrapper", "message": Function perform_human_action executed successfully.}
{"module": "function_logger", "function": "async_wrapper", "message": Function get_state_hash executed successfully.}
{"module": "function_logger", "function": "async_wrapper", "message": Function add_node executed successfully.}
{"module": "function_logger", "function": "async_wrapper", "message": Function add_edge executed successfully.}
{"module": "function_logger", "function": "async_wrapper", "message": Function process_page executed successfully.}
{"module": "function_logger", "function": "async_wrapper", "message": Function perform_human_action executed successfully.}
{"module": "function_logger", "function": "async_wrapper", "message": Function get_state_hash executed successfully.}
{"module": "function_logger", "function": "async_wrapper", "message": Function add_node executed successfully.}
{"module": "function_logger", "function": "async_wrapper", "message": Function add_edge executed successfully.}
{"module": "function_logger", "function": "async_wrapper", "message": Function process_page executed successfully.}
{"module": "function_logger", "function": "async_wrapper", "message": Function perform_human_action executed successfully.}
{"module": "function_logger", "function": "async_wrapper", "message": Function get_state_hash executed successfully.}
{"module": "function_logger", "function": "async_wrapper", "message": Function add_node executed successfully.}
{"module": "function_logger", "function": "async_wrapper", "message": Function add_edge executed successfully.}
{"module": "function_logger", "function": "async_wrapper", "message": Function process_page executed successfully.}
{"module": "function_logger", "function": "async_wrapper", "message": Function perform_human_action executed successfully.}
{"module": "function_logger", "function": "async_wrapper", "message": Function get_state_hash executed successfully.}
{"module": "function_logger", "function": "async_wrapper", "message": Function add_node executed successfully.}
{"module": "function_logger", "function": "async_wrapper", "message": Function add_edge executed successfully.}
{"module": "function_logger", "function": "async_wrapper", "message": Function process_page executed successfully.}
{"module": "function_logger", "function": "async_wrapper", "message": Function perform_human_action executed successfully.}
{"module": "function_logger", "function": "async_wrapper", "message": Function get_state_hash executed successfully.}
{"module": "function_logger", "function": "async_wrapper", "message": Function add_node executed successfully.}
{"module": "function_logger", "function": "async_wrapper", "message": Function add_edge executed successfully.}
{"module": "function_logger", "function": "async_wrapper", "message": Function process_page executed successfully.}
{"module": "function_logger", "function": "async_wrapper", "message": Function process_page executed successfully.}
{"module": "function_logger", "function": "async_wrapper", "message": Function perform_human_action executed successfully.}
{"module": "function_logger", "function": "async_wrapper", "message": Function get_state_hash executed successfully.}
{"module": "function_logger", "function": "async_wrapper", "message": Function add_node executed successfully.}
{"module": "function_logger", "function": "async_wrapper", "message": Function add_edge executed successfully.}
{"module": "function_logger", "function": "async_wrapper", "message": Function process_page executed successfully.}
{"module": "function_logger", "function": "async_wrapper", "message": Function perform_human_action executed successfully.}
{"module": "function_logger", "function": "async_wrapper", "message": Function get_state_hash executed successfully.}
{"module": "function_logger", "function": "async_wrapper", "message": Function add_node executed successfully.}
{"module": "function_logger", "function": "async_wrapper", "message": Function add_edge executed successfully.}
{"module": "function_logger", "function": "async_wrapper", "message": Function process_page executed successfully.}
{"module": "function_logger", "function": "async_wrapper", "message": Function perform_human_action executed successfully.}
{"module": "function_logger", "function": "async_wrapper", "message": Function get_state_hash executed successfully.}
{"module": "function_logger", "function": "async_wrapper", "message": Function add_node executed successfully.}
{"module": "function_logger", "function": "async_wrapper", "message": Function add_edge executed successfully.}
{"module": "function_logger", "function": "async_wrapper", "message": Function process_page executed successfully.}
{"module": "function_logger", "function": "async_wrapper", "message": Function perform_human_action executed successfully.}
{"module": "function_logger", "function": "async_wrapper", "message": Function get_state_hash executed successfully.}
{"module": "function_logger", "function": "async_wrapper", "message": Function add_node executed successfully.}
{"module": "function_logger", "function": "async_wrapper", "message": Function add_edge executed successfully.}
{"module": "function_logger", "function": "async_wrapper", "message": Function process_page executed successfully.}
{"module": "function_logger", "function": "async_wrapper", "message": Function perform_human_action executed successfully.}
{"module": "function_logger", "function": "async_wrapper", "message": Function get_state_hash executed successfully.}
{"module": "function_logger", "function": "async_wrapper", "message": Function add_node executed successfully.}
{"module": "function_logger", "function": "async_wrapper", "message": Function add_edge executed successfully.}
{"module": "function_logger", "function": "async_wrapper", "message": Function process_page executed successfully.}
{"module": "function_logger", "function": "async_wrapper", "message": Function perform_human_action executed successfully.}
{"module": "function_logger", "function": "async_wrapper", "message": Function get_state_hash executed successfully.}
{"module": "function_logger", "function": "async_wrapper", "message": Function add_node executed successfully.}
{"module": "function_logger", "function": "async_wrapper", "message": Function add_edge executed successfully.}
{"module": "function_logger", "function": "async_wrapper", "message": Function process_page executed successfully.}
{"module": "function_logger", "function": "async_wrapper", "message": Function perform_human_action executed successfully.}
{"module": "function_logger", "function": "async_wrapper", "message": Function get_state_hash executed successfully.}
{"module": "function_logger", "function": "async_wrapper", "message": Function add_node executed successfully.}
{"module": "function_logger", "function": "async_wrapper", "message": Function add_edge executed successfully.}
{"module": "function_logger", "function": "async_wrapper", "message": Function process_page executed successfully.}
{"module": "function_logger", "function": "async_wrapper", "message": Function perform_human_action executed successfully.}
{"module": "function_logger", "function": "async_wrapper", "message": Function get_state_hash executed successfully.}
{"module": "function_logger", "function": "async_wrapper", "message": Function add_node executed successfully.}
{"module": "function_logger", "function": "async_wrapper", "message": Function add_edge executed successfully.}
{"module": "function_logger", "function": "async_wrapper", "message": Function process_page executed successfully.}
{"module": "function_logger", "function": "async_wrapper", "message": Function perform_human_action executed successfully.}
{"module": "function_logger", "function": "async_wrapper", "message": Function get_state_hash executed successfully.}
{"module": "function_logger", "function": "async_wrapper", "message": Function perform_human_action executed successfully.}
{"module": "function_logger", "function": "async_wrapper", "message": Function add_node executed successfully.}
{"module": "function_logger", "function": "async_wrapper", "message": Function add_edge executed successfully.}
{"module": "function_logger", "function": "async_wrapper", "message": Function process_page executed successfully.}
{"module": "function_logger", "function": "async_wrapper", "message": Function get_state_hash executed successfully.}
{"module": "function_logger", "function": "async_wrapper", "message": Function add_node executed successfully.}
{"module": "function_logger", "function": "async_wrapper", "message": Function add_edge executed successfully.}
{"module": "function_logger", "function": "async_wrapper", "message": Function process_page executed successfully.}
{"module": "function_logger", "function": "async_wrapper", "message": Function perform_human_action executed successfully.}
{"module": "function_logger", "function": "async_wrapper", "message": Function get_state_hash executed successfully.}
{"module": "function_logger", "function": "async_wrapper", "message": Function add_node executed successfully.}
{"module": "function_logger", "function": "async_wrapper", "message": Function add_edge executed successfully.}
{"module": "function_logger", "function": "async_wrapper", "message": Function process_page executed successfully.}
{"module": "function_logger", "function": "async_wrapper", "message": Function perform_human_action executed successfully.}
{"module": "function_logger", "function": "async_wrapper", "message": Function get_state_hash executed successfully.}
{"module": "function_logger", "function": "async_wrapper", "message": Function add_node executed successfully.}
{"module": "function_logger", "function": "async_wrapper", "message": Function add_edge executed successfully.}
{"module": "function_logger", "function": "async_wrapper", "message": Function process_page executed successfully.}
{"module": "function_logger", "function": "async_wrapper", "message": Function perform_human_action executed successfully.}
{"module": "function_logger", "function": "async_wrapper", "message": Function get_state_hash executed successfully.}
{"module": "function_logger", "function": "async_wrapper", "message": Function add_node executed successfully.}
{"module": "function_logger", "function": "async_wrapper", "message": Function add_edge executed successfully.}
{"module": "function_logger", "function": "async_wrapper", "message": Function process_page executed successfully.}
{"module": "function_logger", "function": "async_wrapper", "message": Function perform_human_action executed successfully.}
{"module": "function_logger", "function": "async_wrapper", "message": Function get_state_hash executed successfully.}
{"module": "function_logger", "function": "async_wrapper", "message": Function add_node executed successfully.}
{"module": "function_logger", "function": "async_wrapper", "message": Function add_edge executed successfully.}
{"module": "function_logger", "function": "async_wrapper", "message": Function process_page executed successfully.}
{"module": "function_logger", "function": "async_wrapper", "message": Function perform_human_action executed successfully.}
{"module": "function_logger", "function": "async_wrapper", "message": Function get_state_hash executed successfully.}
{"module": "function_logger", "function": "async_wrapper", "message": Function add_node executed successfully.}
{"module": "function_logger", "function": "async_wrapper", "message": Function add_edge executed successfully.}
{"module": "function_logger", "function": "async_wrapper", "message": Function process_page executed successfully.}
{"module": "function_logger", "function": "async_wrapper", "message": Function perform_human_action executed successfully.}
{"module": "function_logger", "function": "async_wrapper", "message": Function get_state_hash executed successfully.}
{"module": "function_logger", "function": "async_wrapper", "message": Function add_node executed successfully.}
{"module": "function_logger", "function": "async_wrapper", "message": Function add_edge executed successfully.}
{"module": "function_logger", "function": "async_wrapper", "message": Function process_page executed successfully.}
{"module": "function_logger", "function": "async_wrapper", "message": Function perform_human_action executed successfully.}
{"module": "function_logger", "function": "async_wrapper", "message": Function get_state_hash executed successfully.}
{"module": "function_logger", "function": "async_wrapper", "message": Function add_node executed successfully.}
{"module": "function_logger", "function": "async_wrapper", "message": Function add_edge executed successfully.}
{"module": "function_logger", "function": "async_wrapper", "message": Function process_page executed successfully.}
{"module": "function_logger", "function": "async_wrapper", "message": Function perform_human_action executed successfully.}
{"module": "function_logger", "function": "async_wrapper", "message": Function get_state_hash executed successfully.}
{"module": "function_logger", "function": "async_wrapper", "message": Function add_node executed successfully.}
{"module": "function_logger", "function": "async_wrapper", "message": Function add_edge executed successfully.}
{"module": "function_logger", "function": "async_wrapper", "message": Function process_page executed successfully.}
{"module": "function_logger", "function": "async_wrapper", "message": Function perform_human_action executed successfully.}
{"module": "function_logger", "function": "async_wrapper", "message": Function get_state_hash executed successfully.}
{"module": "function_logger", "function": "async_wrapper", "message": Function add_node executed successfully.}
{"module": "function_logger", "function": "async_wrapper", "message": Function add_edge executed successfully.}
{"module": "function_logger", "function": "async_wrapper", "message": Function process_page executed successfully.}
{"module": "function_logger", "function": "async_wrapper", "message": Function process_page executed successfully.}
{"module": "function_logger", "function": "async_wrapper", "message": Function perform_human_action executed successfully.}
{"module": "function_logger", "function": "async_wrapper", "message": Function get_state_hash executed successfully.}
{"module": "function_logger", "function": "async_wrapper", "message": Function add_node executed successfully.}
{"module": "function_logger", "function": "async_wrapper", "message": Function add_edge executed successfully.}
{"module": "function_logger", "function": "async_wrapper", "message": Function process_page executed successfully.}
{"module": "function_logger", "function": "async_wrapper", "message": Function perform_human_action executed successfully.}
{"module": "function_logger", "function": "async_wrapper", "message": Function get_state_hash executed successfully.}
{"module": "function_logger", "function": "async_wrapper", "message": Function add_node executed successfully.}
{"module": "function_logger", "function": "async_wrapper", "message": Function add_edge executed successfully.}
{"module": "function_logger", "function": "async_wrapper", "message": Function process_page executed successfully.}
{"module": "function_logger", "function": "async_wrapper", "message": Function perform_human_action executed successfully.}
{"module": "function_logger", "function": "async_wrapper", "message": Function get_state_hash executed successfully.}
{"module": "function_logger", "function": "async_wrapper", "message": Function add_node executed successfully.}
{"module": "function_logger", "function": "async_wrapper", "message": Function add_edge executed successfully.}
{"module": "function_logger", "function": "async_wrapper", "message": Function process_page executed successfully.}
{"module": "function_logger", "function": "async_wrapper", "message": Function process_page executed successfully.}
{"module": "function_logger", "function": "async_wrapper", "message": Function perform_human_action executed successfully.}
{"module": "function_logger", "function": "async_wrapper", "message": Function get_state_hash executed successfully.}
{"module": "function_logger", "function": "async_wrapper", "message": Function add_node executed successfully.}
{"module": "function_logger", "function": "async_wrapper", "message": Function add_edge executed successfully.}
{"module": "function_logger", "function": "async_wrapper", "message": Function process_page executed successfully.}
{"module": "function_logger", "function": "async_wrapper", "message": Function _get_node_by_id executed successfully.}
{"module": "function_logger", "function": "async_wrapper", "message": Function _get_node_by_id executed successfully.}
{"module": "function_logger", "function": "async_wrapper", "message": Function _get_node_by_id executed successfully.}
{"module": "function_logger", "function": "async_wrapper", "message": Function _get_node_by_id executed successfully.}
{"module": "function_logger", "function": "async_wrapper", "message": Function _get_node_by_id executed successfully.}
{"module": "function_logger", "function": "async_wrapper", "message": Function _get_node_by_id executed successfully.}
{"module": "function_logger", "function": "async_wrapper", "message": Function _get_node_by_id executed successfully.}
{"module": "function_logger", "function": "async_wrapper", "message": Function _get_node_by_id executed successfully.}
{"module": "function_logger", "function": "async_wrapper", "message": Function _get_node_by_id executed successfully.}
{"module": "function_logger", "function": "async_wrapper", "message": Function _get_node_by_id executed successfully.}
{"module": "function_logger", "function": "async_wrapper", "message": Function _get_node_by_id executed successfully.}
{"module": "function_logger", "function": "async_wrapper", "message": Function _get_node_by_id executed successfully.}
{"module": "function_logger", "function": "async_wrapper", "message": Function _get_node_by_id executed successfully.}
{"module": "function_logger", "function": "async_wrapper", "message": Function _get_node_by_id executed successfully.}
{"module": "function_logger", "function": "async_wrapper", "message": Function _get_node_by_id executed successfully.}
{"module": "function_logger", "function": "async_wrapper", "message": Function _get_node_by_id executed successfully.}
{"module": "function_logger", "function": "async_wrapper", "message": Function _get_node_by_id executed successfully.}
{"module": "function_logger", "function": "async_wrapper", "message": Function _get_node_by_id executed successfully.}
{"module": "function_logger", "function": "async_wrapper", "message": Function _get_node_by_id executed successfully.}
{"module": "function_logger", "function": "async_wrapper", "message": Function _get_node_by_id executed successfully.}
{"module": "function_logger", "function": "async_wrapper", "message": Function _get_node_by_id executed successfully.}
{"module": "function_logger", "function": "async_wrapper", "message": Function _get_node_by_id executed successfully.}
{"module": "function_logger", "function": "async_wrapper", "message": Function _get_node_by_id executed successfully.}
{"module": "function_logger", "function": "async_wrapper", "message": Function _get_node_by_id executed successfully.}
{"module": "function_logger", "function": "async_wrapper", "message": Function _get_node_by_id executed successfully.}
{"module": "function_logger", "function": "async_wrapper", "message": Function _get_node_by_id executed successfully.}
{"module": "function_logger", "function": "async_wrapper", "message": Function _get_node_by_id executed successfully.}
{"module": "function_logger", "function": "async_wrapper", "message": Function _get_node_by_id executed successfully.}
{"module": "function_logger", "function": "async_wrapper", "message": Function _get_node_by_id executed successfully.}
{"module": "function_logger", "function": "async_wrapper", "message": Function extract_flows executed successfully.}
{"module": "function_logger", "function": "async_wrapper", "message": Function setup_interception executed successfully.}
{"module": "function_logger", "function": "async_wrapper", "message": Function attempt_login executed successfully.}
{"module": "function_logger", "function": "async_wrapper", "message": Function setup_interception executed successfully.}
{"module": "function_logger", "function": "async_wrapper", "message": Function setup_interception executed successfully.}
{"module": "function_logger", "function": "async_wrapper", "message": Function setup_interception executed successfully.}
{"module": "function_logger", "function": "async_wrapper", "message": Function setup_interception executed successfully.}
{"module": "function_logger", "function": "async_wrapper", "message": Function perform_human_action executed successfully.}
{"module": "function_logger", "function": "async_wrapper", "message": Function get_state_hash executed successfully.}
{"module": "function_logger", "function": "async_wrapper", "message": Function add_node executed successfully.}
{"module": "function_logger", "function": "async_wrapper", "message": Function process_page executed successfully.}
{"module": "function_logger", "function": "async_wrapper", "message": Function perform_human_action executed successfully.}
{"module": "function_logger", "function": "async_wrapper", "message": Function get_state_hash executed successfully.}
{"module": "function_logger", "function": "async_wrapper", "message": Function add_node executed successfully.}
{"module": "function_logger", "function": "async_wrapper", "message": Function add_edge executed successfully.}
{"module": "function_logger", "function": "async_wrapper", "message": Function process_page executed successfully.}
{"module": "function_logger", "function": "async_wrapper", "message": Function process_page executed successfully.}
{"module": "function_logger", "function": "async_wrapper", "message": Function perform_human_action executed successfully.}
{"module": "function_logger", "function": "async_wrapper", "message": Function get_state_hash executed successfully.}
{"module": "function_logger", "function": "async_wrapper", "message": Function add_node executed successfully.}
{"module": "function_logger", "function": "async_wrapper", "message": Function add_edge executed successfully.}
{"module": "function_logger", "function": "async_wrapper", "message": Function process_page executed successfully.}
{"module": "function_logger", "function": "async_wrapper", "message": Function perform_human_action executed successfully.}
{"module": "function_logger", "function": "async_wrapper", "message": Function get_state_hash executed successfully.}
{"module": "function_logger", "function": "async_wrapper", "message": Function add_node executed successfully.}
{"module": "function_logger", "function": "async_wrapper", "message": Function add_edge executed successfully.}
{"module": "function_logger", "function": "async_wrapper", "message": Function process_page executed successfully.}
{"module": "function_logger", "function": "async_wrapper", "message": Function perform_human_action executed successfully.}
{"module": "function_logger", "function": "async_wrapper", "message": Function get_state_hash executed successfully.}
{"module": "function_logger", "function": "async_wrapper", "message": Function add_node executed successfully.}
{"module": "function_logger", "function": "async_wrapper", "message": Function add_edge executed successfully.}
{"module": "function_logger", "function": "async_wrapper", "message": Function process_page executed successfully.}
{"module": "function_logger", "function": "async_wrapper", "message": Function perform_human_action executed successfully.}
{"module": "function_logger", "function": "async_wrapper", "message": Function get_state_hash executed successfully.}
{"module": "function_logger", "function": "async_wrapper", "message": Function add_node executed successfully.}
{"module": "function_logger", "function": "async_wrapper", "message": Function add_edge executed successfully.}
{"module": "function_logger", "function": "async_wrapper", "message": Function process_page executed successfully.}
{"module": "function_logger", "function": "async_wrapper", "message": Function perform_human_action executed successfully.}
{"module": "function_logger", "function": "async_wrapper", "message": Function get_state_hash executed successfully.}
{"module": "function_logger", "function": "async_wrapper", "message": Function add_node executed successfully.}
{"module": "function_logger", "function": "async_wrapper", "message": Function add_edge executed successfully.}
{"module": "function_logger", "function": "async_wrapper", "message": Function process_page executed successfully.}
{"module": "function_logger", "function": "async_wrapper", "message": Function perform_human_action executed successfully.}
{"module": "function_logger", "function": "async_wrapper", "message": Function get_state_hash executed successfully.}
{"module": "function_logger", "function": "async_wrapper", "message": Function add_node executed successfully.}
{"module": "function_logger", "function": "async_wrapper", "message": Function add_edge executed successfully.}
{"module": "function_logger", "function": "async_wrapper", "message": Function process_page executed successfully.}
{"module": "function_logger", "function": "async_wrapper", "message": Function process_page executed successfully.}
{"module": "function_logger", "function": "async_wrapper", "message": Function perform_human_action executed successfully.}
{"module": "function_logger", "function": "async_wrapper", "message": Function get_state_hash executed successfully.}
{"module": "function_logger", "function": "async_wrapper", "message": Function add_node executed successfully.}
{"module": "function_logger", "function": "async_wrapper", "message": Function add_edge executed successfully.}
{"module": "function_logger", "function": "async_wrapper", "message": Function process_page executed successfully.}
{"module": "function_logger", "function": "async_wrapper", "message": Function perform_human_action executed successfully.}
{"module": "function_logger", "function": "async_wrapper", "message": Function get_state_hash executed successfully.}
{"module": "function_logger", "function": "async_wrapper", "message": Function add_node executed successfully.}
{"module": "function_logger", "function": "async_wrapper", "message": Function add_edge executed successfully.}
{"module": "function_logger", "function": "async_wrapper", "message": Function process_page executed successfully.}
{"module": "function_logger", "function": "async_wrapper", "message": Function perform_human_action executed successfully.}
{"module": "function_logger", "function": "async_wrapper", "message": Function get_state_hash executed successfully.}
{"module": "function_logger", "function": "async_wrapper", "message": Function add_node executed successfully.}
{"module": "function_logger", "function": "async_wrapper", "message": Function add_edge executed successfully.}
{"module": "function_logger", "function": "async_wrapper", "message": Function process_page executed successfully.}
{"module": "function_logger", "function": "async_wrapper", "message": Function perform_human_action executed successfully.}
{"module": "function_logger", "function": "async_wrapper", "message": Function get_state_hash executed successfully.}
{"module": "function_logger", "function": "async_wrapper", "message": Function add_node executed successfully.}
{"module": "function_logger", "function": "async_wrapper", "message": Function add_edge executed successfully.}
{"module": "function_logger", "function": "async_wrapper", "message": Function process_page executed successfully.}
{"module": "function_logger", "function": "async_wrapper", "message": Function perform_human_action executed successfully.}
{"module": "function_logger", "function": "async_wrapper", "message": Function get_state_hash executed successfully.}
{"module": "function_logger", "function": "async_wrapper", "message": Function add_node executed successfully.}
{"module": "function_logger", "function": "async_wrapper", "message": Function add_edge executed successfully.}
{"module": "function_logger", "function": "async_wrapper", "message": Function process_page executed successfully.}
{"module": "function_logger", "function": "async_wrapper", "message": Function perform_human_action executed successfully.}
{"module": "function_logger", "function": "async_wrapper", "message": Function get_state_hash executed successfully.}
{"module": "function_logger", "function": "async_wrapper", "message": Function add_node executed successfully.}
{"module": "function_logger", "function": "async_wrapper", "message": Function add_edge executed successfully.}
{"module": "function_logger", "function": "async_wrapper", "message": Function process_page executed successfully.}
{"module": "function_logger", "function": "async_wrapper", "message": Function perform_human_action executed successfully.}
{"module": "function_logger", "function": "async_wrapper", "message": Function get_state_hash executed successfully.}
{"module": "function_logger", "function": "async_wrapper", "message": Function add_node executed successfully.}
{"module": "function_logger", "function": "async_wrapper", "message": Function add_edge executed successfully.}
{"module": "function_logger", "function": "async_wrapper", "message": Function process_page executed successfully.}
{"module": "function_logger", "function": "async_wrapper", "message": Function perform_human_action executed successfully.}
{"module": "function_logger", "function": "async_wrapper", "message": Function get_state_hash executed successfully.}
{"module": "function_logger", "function": "async_wrapper", "message": Function add_node executed successfully.}
{"module": "function_logger", "function": "async_wrapper", "message": Function add_edge executed successfully.}
{"module": "function_logger", "function": "async_wrapper", "message": Function process_page executed successfully.}
{"module": "function_logger", "function": "async_wrapper", "message": Function perform_human_action executed successfully.}
{"module": "function_logger", "function": "async_wrapper", "message": Function get_state_hash executed successfully.}
{"module": "function_logger", "function": "async_wrapper", "message": Function add_node executed successfully.}
{"module": "function_logger", "function": "async_wrapper", "message": Function add_edge executed successfully.}
{"module": "function_logger", "function": "async_wrapper", "message": Function process_page executed successfully.}
{"module": "function_logger", "function": "async_wrapper", "message": Function perform_human_action executed successfully.}
{"module": "function_logger", "function": "async_wrapper", "message": Function get_state_hash executed successfully.}
{"module": "function_logger", "function": "async_wrapper", "message": Function add_node executed successfully.}
{"module": "function_logger", "function": "async_wrapper", "message": Function add_edge executed successfully.}
{"module": "function_logger", "function": "async_wrapper", "message": Function process_page executed successfully.}
{"module": "function_logger", "function": "async_wrapper", "message": Function perform_human_action executed successfully.}
{"module": "function_logger", "function": "async_wrapper", "message": Function get_state_hash executed successfully.}
{"module": "function_logger", "function": "async_wrapper", "message": Function add_node executed successfully.}
{"module": "function_logger", "function": "async_wrapper", "message": Function add_edge executed successfully.}
{"module": "function_logger", "function": "async_wrapper", "message": Function process_page executed successfully.}
{"module": "function_logger", "function": "async_wrapper", "message": Function perform_human_action executed successfully.}
{"module": "function_logger", "function": "async_wrapper", "message": Function get_state_hash executed successfully.}
{"module": "function_logger", "function": "async_wrapper", "message": Function add_node executed successfully.}
{"module": "function_logger", "function": "async_wrapper", "message": Function add_edge executed successfully.}
{"module": "function_logger", "function": "async_wrapper", "message": Function process_page executed successfully.}
{"module": "function_logger", "function": "async_wrapper", "message": Function perform_human_action executed successfully.}
{"module": "function_logger", "function": "async_wrapper", "message": Function get_state_hash executed successfully.}
{"module": "function_logger", "function": "async_wrapper", "message": Function add_node executed successfully.}
{"module": "function_logger", "function": "async_wrapper", "message": Function add_edge executed successfully.}
{"module": "function_logger", "function": "async_wrapper", "message": Function process_page executed successfully.}
{"module": "function_logger", "function": "async_wrapper", "message": Function perform_human_action executed successfully.}
{"module": "function_logger", "function": "async_wrapper", "message": Function get_state_hash executed successfully.}
{"module": "function_logger", "function": "async_wrapper", "message": Function add_node executed successfully.}
{"module": "function_logger", "function": "async_wrapper", "message": Function add_edge executed successfully.}
{"module": "function_logger", "function": "async_wrapper", "message": Function process_page executed successfully.}
{"module": "function_logger", "function": "async_wrapper", "message": Function perform_human_action executed successfully.}
{"module": "function_logger", "function": "async_wrapper", "message": Function get_state_hash executed successfully.}
{"module": "function_logger", "function": "async_wrapper", "message": Function add_node executed successfully.}
{"module": "function_logger", "function": "async_wrapper", "message": Function add_edge executed successfully.}
{"module": "function_logger", "function": "async_wrapper", "message": Function process_page executed successfully.}
{"module": "function_logger", "function": "async_wrapper", "message": Function perform_human_action executed successfully.}
{"module": "function_logger", "function": "async_wrapper", "message": Function get_state_hash executed successfully.}
{"module": "function_logger", "function": "async_wrapper", "message": Function add_node executed successfully.}
{"module": "function_logger", "function": "async_wrapper", "message": Function add_edge executed successfully.}
{"module": "function_logger", "function": "async_wrapper", "message": Function process_page executed successfully.}
{"module": "function_logger", "function": "async_wrapper", "message": Function perform_human_action executed successfully.}
{"module": "function_logger", "function": "async_wrapper", "message": Function get_state_hash executed successfully.}
{"module": "function_logger", "function": "async_wrapper", "message": Function add_node executed successfully.}
{"module": "function_logger", "function": "async_wrapper", "message": Function add_edge executed successfully.}
{"module": "function_logger", "function": "async_wrapper", "message": Function process_page executed successfully.}
{"module": "function_logger", "function": "async_wrapper", "message": Function perform_human_action executed successfully.}
{"module": "function_logger", "function": "async_wrapper", "message": Function get_state_hash executed successfully.}
{"module": "function_logger", "function": "async_wrapper", "message": Function add_node executed successfully.}
{"module": "function_logger", "function": "async_wrapper", "message": Function add_edge executed successfully.}
{"module": "function_logger", "function": "async_wrapper", "message": Function process_page executed successfully.}
{"module": "function_logger", "function": "async_wrapper", "message": Function perform_human_action executed successfully.}
{"module": "function_logger", "function": "async_wrapper", "message": Function get_state_hash executed successfully.}
{"module": "function_logger", "function": "async_wrapper", "message": Function add_node executed successfully.}
{"module": "function_logger", "function": "async_wrapper", "message": Function add_edge executed successfully.}
{"module": "function_logger", "function": "async_wrapper", "message": Function process_page executed successfully.}
{"module": "function_logger", "function": "async_wrapper", "message": Function perform_human_action executed successfully.}
{"module": "function_logger", "function": "async_wrapper", "message": Function get_state_hash executed successfully.}
{"module": "function_logger", "function": "async_wrapper", "message": Function add_node executed successfully.}
{"module": "function_logger", "function": "async_wrapper", "message": Function add_edge executed successfully.}
{"module": "function_logger", "function": "async_wrapper", "message": Function process_page executed successfully.}
{"module": "mcp_server", "function": "lifespan", "message": Initializing global browser instance...}
{"module": "mcp_server", "function": "lifespan", "message": Shutting down global browser instance...}
{"module": "function_logger", "function": "async_wrapper", "message": Function perform_human_action executed successfully.}
{"module": "function_logger", "function": "async_wrapper", "message": Function get_state_hash executed successfully.}
{"module": "function_logger", "function": "async_wrapper", "message": Function add_node executed successfully.}
{"module": "function_logger", "function": "async_wrapper", "message": Function add_edge executed successfully.}
{"module": "function_logger", "function": "async_wrapper", "message": Function process_page executed successfully.}
{"module": "function_logger", "function": "async_wrapper", "message": Function perform_human_action executed successfully.}
{"module": "function_logger", "function": "async_wrapper", "message": Function get_state_hash executed successfully.}
{"module": "function_logger", "function": "async_wrapper", "message": Function add_node executed successfully.}
{"module": "function_logger", "function": "async_wrapper", "message": Function add_edge executed successfully.}
{"module": "function_logger", "function": "async_wrapper", "message": Function process_page executed successfully.}
{"module": "function_logger", "function": "async_wrapper", "message": Function perform_human_action executed successfully.}
{"module": "function_logger", "function": "async_wrapper", "message": Function get_state_hash executed successfully.}
{"module": "function_logger", "function": "async_wrapper", "message": Function add_node executed successfully.}
{"module": "function_logger", "function": "async_wrapper", "message": Function add_edge executed successfully.}
{"module": "function_logger", "function": "async_wrapper", "message": Function process_page executed successfully.}
{"module": "function_logger", "function": "async_wrapper", "message": Function _get_node_by_id executed successfully.}
{"module": "function_logger", "function": "async_wrapper", "message": Function _get_node_by_id executed successfully.}
{"module": "function_logger", "function": "async_wrapper", "message": Function _get_node_by_id executed successfully.}
{"module": "function_logger", "function": "async_wrapper", "message": Function _get_node_by_id executed successfully.}
{"module": "function_logger", "function": "async_wrapper", "message": Function _get_node_by_id executed successfully.}
{"module": "function_logger", "function": "async_wrapper", "message": Function _get_node_by_id executed successfully.}
{"module": "function_logger", "function": "async_wrapper", "message": Function _get_node_by_id executed successfully.}
{"module": "function_logger", "function": "async_wrapper", "message": Function _get_node_by_id executed successfully.}
{"module": "function_logger", "function": "async_wrapper", "message": Function _get_node_by_id executed successfully.}
{"module": "function_logger", "function": "async_wrapper", "message": Function _get_node_by_id executed successfully.}
{"module": "function_logger", "function": "async_wrapper", "message": Function _get_node_by_id executed successfully.}
{"module": "function_logger", "function": "async_wrapper", "message": Function _get_node_by_id executed successfully.}
{"module": "function_logger", "function": "async_wrapper", "message": Function _get_node_by_id executed successfully.}
{"module": "function_logger", "function": "async_wrapper", "message": Function _get_node_by_id executed successfully.}
{"module": "function_logger", "function": "async_wrapper", "message": Function _get_node_by_id executed successfully.}
{"module": "function_logger", "function": "async_wrapper", "message": Function _get_node_by_id executed successfully.}
{"module": "function_logger", "function": "async_wrapper", "message": Function _get_node_by_id executed successfully.}
{"module": "function_logger", "function": "async_wrapper", "message": Function _get_node_by_id executed successfully.}
{"module": "function_logger", "function": "async_wrapper", "message": Function _get_node_by_id executed successfully.}
{"module": "function_logger", "function": "async_wrapper", "message": Function _get_node_by_id executed successfully.}
{"module": "function_logger", "function": "async_wrapper", "message": Function _get_node_by_id executed successfully.}
{"module": "function_logger", "function": "async_wrapper", "message": Function _get_node_by_id executed successfully.}
{"module": "function_logger", "function": "async_wrapper", "message": Function _get_node_by_id executed successfully.}
{"module": "function_logger", "function": "async_wrapper", "message": Function _get_node_by_id executed successfully.}
{"module": "function_logger", "function": "async_wrapper", "message": Function _get_node_by_id executed successfully.}
{"module": "function_logger", "function": "async_wrapper", "message": Function _get_node_by_id executed successfully.}
{"module": "function_logger", "function": "async_wrapper", "message": Function _get_node_by_id executed successfully.}
{"module": "function_logger", "function": "async_wrapper", "message": Function _get_node_by_id executed successfully.}
{"module": "function_logger", "function": "async_wrapper", "message": Function _get_node_by_id executed successfully.}
{"module": "function_logger", "function": "async_wrapper", "message": Function _get_node_by_id executed successfully.}
{"module": "function_logger", "function": "async_wrapper", "message": Function _get_node_by_id executed successfully.}
{"module": "function_logger", "function": "async_wrapper", "message": Function _get_node_by_id executed successfully.}
{"module": "function_logger", "function": "async_wrapper", "message": Function extract_flows executed successfully.}
{"module": "function_logger", "function": "async_wrapper", "message": Function setup_interception executed successfully.}
{"module": "function_logger", "function": "async_wrapper", "message": Function attempt_login executed successfully.}
{"module": "function_logger", "function": "async_wrapper", "message": Function setup_interception executed successfully.}
{"module": "function_logger", "function": "async_wrapper", "message": Function setup_interception executed successfully.}
{"module": "function_logger", "function": "async_wrapper", "message": Function setup_interception executed successfully.}
{"module": "function_logger", "function": "async_wrapper", "message": Function setup_interception executed successfully.}
{"module": "function_logger", "function": "async_wrapper", "message": Function perform_human_action executed successfully.}
{"module": "function_logger", "function": "async_wrapper", "message": Function get_state_hash executed successfully.}
{"module": "function_logger", "function": "async_wrapper", "message": Function add_node executed successfully.}
{"module": "function_logger", "function": "async_wrapper", "message": Function process_page executed successfully.}
